"C:/Users/noahc/Documents/GitHub/GameDesign2D/Content/2DSideScroller/Sprites/4_Adkins_CharacterCompletev2_Sprite_0.uasset" 0
"C:/Users/noahc/Documents/GitHub/GameDesign2D/Content/2DSideScroller/Sprites/4_Adkins_CharacterCompletev2_Sprite_1.uasset" 1
"C:/Users/noahc/Documents/GitHub/GameDesign2D/Content/2DSideScroller/Animations/PC_Hurt.uasset" 2
"C:/Users/noahc/Documents/GitHub/GameDesign2D/Content/2DSideScroller/Sprites/4_Adkins_CharacterCompletev2_Sprite_11.uasset" 3
"C:/Users/noahc/Documents/GitHub/GameDesign2D/Content/2DSideScroller/Animations/PC_JumpDown.uasset" 4
"C:/Users/noahc/Documents/GitHub/GameDesign2D/Content/2DSideScroller/Sprites/4_Adkins_CharacterCompletev2_Sprite_12.uasset" 5
"C:/Users/noahc/Documents/GitHub/GameDesign2D/Content/2DSideScroller/Sprites/4_Adkins_CharacterCompletev2_Sprite_13.uasset" 6
"C:/Users/noahc/Documents/GitHub/GameDesign2D/Content/2DSideScroller/Animations/PC_JumpShoot.uasset" 7
"C:/Users/noahc/Documents/GitHub/GameDesign2D/Content/2DSideScroller/Sprites/4_Adkins_CharacterCompletev2_Sprite_14.uasset" 8
"C:/Users/noahc/Documents/GitHub/GameDesign2D/Content/2DSideScroller/Sprites/4_Adkins_CharacterCompletev2_Sprite_15.uasset" 9
"C:/Users/noahc/Documents/GitHub/GameDesign2D/Content/2DSideScroller/Animations/PC_Projectile.uasset" 10
"C:/Users/noahc/Documents/GitHub/GameDesign2D/Content/2DSideScroller/Sprites/4_Adkins_CharacterCompletev2_Sprite_19.uasset" 11
"C:/Users/noahc/Documents/GitHub/GameDesign2D/Content/2DSideScroller/Sprites/4_Adkins_CharacterCompletev2_Sprite_20.uasset" 12
"C:/Users/noahc/Documents/GitHub/GameDesign2D/Content/2DSideScroller/Sprites/4_Adkins_CharacterCompletev2_Sprite_21.uasset" 13
"C:/Users/noahc/Documents/GitHub/GameDesign2D/Content/2DSideScroller/Sprites/4_Adkins_CharacterCompletev2_Sprite_22.uasset" 14
"C:/Users/noahc/Documents/GitHub/GameDesign2D/Content/2DSideScroller/Sprites/4_Adkins_CharacterCompletev2_Sprite_23.uasset" 15
"C:/Users/noahc/Documents/GitHub/GameDesign2D/Content/2DSideScroller/Sprites/4_Adkins_CharacterCompletev2_Sprite_24.uasset" 16
"C:/Users/noahc/Documents/GitHub/GameDesign2D/Content/2DSideScroller/Sprites/4_Adkins_CharacterCompletev2_Sprite_25.uasset" 17
"C:/Users/noahc/Documents/GitHub/GameDesign2D/Content/2DSideScroller/Sprites/4_Adkins_CharacterCompletev2_Sprite_26.uasset" 18
"C:/Users/noahc/Documents/GitHub/GameDesign2D/Content/2DSideScroller/Animations/PC_Shoot.uasset" 19
"C:/Users/noahc/Documents/GitHub/GameDesign2D/Content/2DSideScroller/Sprites/4_Adkins_CharacterCompletev3_Sprite_27.uasset" 20
"C:/Users/noahc/Documents/GitHub/GameDesign2D/Content/2DSideScroller/Sprites/4_Adkins_CharacterBlocking_Sprite_0.uasset" 21
"C:/Users/noahc/Documents/GitHub/GameDesign2D/Content/2DSideScroller/Sprites/4_Adkins_Tileset.uasset" 22
"C:/Users/noahc/Documents/GitHub/GameDesign2D/Content/2dSideScroller/Textures/2DBackgroundBlockAtlas.uasset" 23
"C:/Users/noahc/Documents/GitHub/GameDesign2D/Content/2DSideScroller/Sprites/Ledge.uasset" 24
"C:/Users/noahc/Documents/GitHub/GameDesign2D/Content/2DSideScroller/Sprites/4_Adkins_CharacterCompletev2_Sprite_2.uasset" 25
"C:/Users/noahc/Documents/GitHub/GameDesign2D/Content/2DSideScroller/Sprites/4_Adkins_CharacterCompletev2_Sprite_3.uasset" 26
"C:/Users/noahc/Documents/GitHub/GameDesign2D/Content/2DSideScroller/Sprites/4_Adkins_CharacterCompletev2_Sprite_4.uasset" 27
"C:/Users/noahc/Documents/GitHub/GameDesign2D/Content/2DSideScroller/Sprites/4_Adkins_CharacterCompletev2_Sprite_5.uasset" 28
"C:/Users/noahc/Documents/GitHub/GameDesign2D/Content/2DSideScroller/Sprites/4_Adkins_CharacterCompletev2_Sprite_6.uasset" 29
"C:/Users/noahc/Documents/GitHub/GameDesign2D/Content/2DSideScroller/Sprites/4_Adkins_CharacterCompletev2_Sprite_7.uasset" 30
"C:/Users/noahc/Documents/GitHub/GameDesign2D/Content/2DSideScroller/Sprites/4_Adkins_CharacterCompletev2_Sprite_8.uasset" 31
"C:/Users/noahc/Documents/GitHub/GameDesign2D/Content/2DSideScroller/Sprites/4_Adkins_CharacterCompletev2_Sprite_9.uasset" 32
"C:/Users/noahc/Documents/GitHub/GameDesign2D/Content/2DSideScroller/Animations/PC_Idle.uasset" 33
"C:/Users/noahc/Documents/GitHub/GameDesign2D/Content/2DSideScroller/Sprites/PC_Idle.uasset" 34
"C:/Users/noahc/Documents/GitHub/GameDesign2D/Content/2dSideScroller/Textures/2DBackgroundTile.uasset" 35
"C:/Users/noahc/Documents/GitHub/GameDesign2D/Content/2DSideScroller/Materials/PrototypingSpriteMaterial.uasset" 36
"C:/Users/noahc/Documents/GitHub/GameDesign2D/Content/2DSideScroller/Sprites/PrototypingSprite.uasset" 37
"C:/Users/noahc/Documents/GitHub/GameDesign2D/Content/2DSideScroller/Sprites/AppleIdleFrames/__Lastname_CharacterIdle_Sprite_0.uasset" 38
"C:/Users/noahc/Documents/GitHub/GameDesign2D/Content/2DSideScroller/Sprites/AppleIdleFrames/__Lastname_CharacterIdle_Sprite_1.uasset" 39
"C:/Users/noahc/Documents/GitHub/GameDesign2D/Content/2DSideScroller/Sprites/AppleIdleFrames/__Lastname_CharacterIdle_Sprite_3.uasset" 40
"C:/Users/noahc/Documents/GitHub/GameDesign2D/Content/2DSideScroller/Sprites/AppleIdleFrames/__Lastname_CharacterIdle_Sprite_4.uasset" 41
"C:/Users/noahc/Documents/GitHub/GameDesign2D/Content/2DSideScroller/Sprites/AppleIdleFrames/__Lastname_CharacterIdle_Sprite_5.uasset" 42
"C:/Users/noahc/Documents/GitHub/GameDesign2D/Content/2DSideScroller/Sprites/__Lastname_CharacterIdle1.uasset" 43
"C:/Users/noahc/Documents/GitHub/GameDesign2D/Content/2DSideScroller/Sprites/AppleRunFrames/__Lastname_CharacterRun.uasset" 44
"C:/Users/noahc/Documents/GitHub/GameDesign2D/Content/2DSideScroller/Sprites/__Lastname_CharacterRun.uasset" 45
"C:/Users/noahc/Documents/GitHub/GameDesign2D/Content/2DSideScroller/Sprites/AppleRunFrames/__Lastname_CharacterRun_Sprite_0.uasset" 46
"C:/Users/noahc/Documents/GitHub/GameDesign2D/Content/2DSideScroller/Sprites/__Lastname_CharacterRun_Sprite_0.uasset" 47
"C:/Users/noahc/Documents/GitHub/GameDesign2D/Content/2DSideScroller/Sprites/AppleRunFrames/__Lastname_CharacterRun_Sprite_1.uasset" 48
"C:/Users/noahc/Documents/GitHub/GameDesign2D/Content/2DSideScroller/Sprites/__Lastname_CharacterRun_Sprite_1.uasset" 49
"C:/Users/noahc/Documents/GitHub/GameDesign2D/Content/2DSideScroller/Sprites/AppleRunFrames/__Lastname_CharacterRun_Sprite_2.uasset" 50
"C:/Users/noahc/Documents/GitHub/GameDesign2D/Content/2DSideScroller/Sprites/__Lastname_CharacterRun_Sprite_2.uasset" 51
"C:/Users/noahc/Documents/GitHub/GameDesign2D/Content/2DSideScroller/Sprites/__Lastname_CharacterRun1.uasset" 52
"C:/Users/noahc/Documents/GitHub/GameDesign2D/Content/2DSideScroller/Sprites/AppleIdleFrames/__Lastname_CharacterIdle.uasset" 53
"C:/Users/noahc/Documents/GitHub/GameDesign2D/Content/2DSideScroller/Sprites/IdleFrames/IdleCycle1.uasset" 54
"C:/Users/noahc/Documents/GitHub/GameDesign2D/Content/2DSideScroller/Sprites/IdleFrames/IdleCycle2.uasset" 55
"C:/Users/noahc/Documents/GitHub/GameDesign2D/Content/2DSideScroller/Sprites/IdleFrames/IdleCycle3.uasset" 56
"C:/Users/noahc/Documents/GitHub/GameDesign2D/Content/2DSideScroller/Sprites/IdleFrames/IdleCycle4.uasset" 57
"C:/Users/noahc/Documents/GitHub/GameDesign2D/Content/2DSideScroller/Sprites/IdleFrames/IdleCycle5.uasset" 58
"C:/Users/noahc/Documents/GitHub/GameDesign2D/Content/2DSideScroller/Sprites/IdleFrames/IdleCycle6.uasset" 59
"C:/Users/noahc/Documents/GitHub/GameDesign2D/Content/2DSideScroller/Sprites/IdleFrames/IdleCycle7.uasset" 60
"C:/Users/noahc/Documents/GitHub/GameDesign2D/Content/2DSideScroller/Sprites/IdleFrames/IdleCycle8.uasset" 61
"C:/Users/noahc/Documents/GitHub/GameDesign2D/Content/2DSideScroller/Sprites/RunFrames/RunCycle_1.uasset" 62
"C:/Users/noahc/Documents/GitHub/GameDesign2D/Content/2DSideScroller/Sprites/RunFrames/RunCycle_10.uasset" 63
"C:/Users/noahc/Documents/GitHub/GameDesign2D/Content/2DSideScroller/Sprites/RunFrames/RunCycle_11.uasset" 64
"C:/Users/noahc/Documents/GitHub/GameDesign2D/Content/2DSideScroller/Sprites/RunFrames/RunCycle_12.uasset" 65
"C:/Users/noahc/Documents/GitHub/GameDesign2D/Content/2DSideScroller/Sprites/RunFrames/RunCycle_13.uasset" 66
"C:/Users/noahc/Documents/GitHub/GameDesign2D/Content/2DSideScroller/Sprites/RunFrames/RunCycle_14.uasset" 67
"C:/Users/noahc/Documents/GitHub/GameDesign2D/Content/2DSideScroller/Sprites/RunFrames/RunCycle_15.uasset" 68
"C:/Users/noahc/Documents/GitHub/GameDesign2D/Content/2DSideScroller/Sprites/RunFrames/RunCycle_16.uasset" 69
"C:/Users/noahc/Documents/GitHub/GameDesign2D/Content/2DSideScroller/Sprites/RunFrames/RunCycle_2.uasset" 70
"C:/Users/noahc/Documents/GitHub/GameDesign2D/Content/2DSideScroller/Sprites/RunFrames/RunCycle_3.uasset" 71
"C:/Users/noahc/Documents/GitHub/GameDesign2D/Content/2DSideScroller/Sprites/RunFrames/RunCycle_4.uasset" 72
"C:/Users/noahc/Documents/GitHub/GameDesign2D/Content/2DSideScroller/Sprites/RunFrames/RunCycle_5.uasset" 73
"C:/Users/noahc/Documents/GitHub/GameDesign2D/Content/2DSideScroller/Sprites/RunFrames/RunCycle_6.uasset" 74
"C:/Users/noahc/Documents/GitHub/GameDesign2D/Content/2DSideScroller/Sprites/RunFrames/RunCycle_7.uasset" 75
"C:/Users/noahc/Documents/GitHub/GameDesign2D/Content/2DSideScroller/Sprites/RunFrames/RunCycle_8.uasset" 76
"C:/Users/noahc/Documents/GitHub/GameDesign2D/Content/2DSideScroller/Sprites/RunFrames/RunCycle_9.uasset" 77
"C:/Users/noahc/Documents/GitHub/GameDesign2D/Content/2DSideScroller/Textures/4_Adkins_CharacterBlocking.uasset" 78
"C:/Users/noahc/Documents/GitHub/GameDesign2D/Content/2DSideScroller/Textures/4_Adkins_CharacterComplete.uasset" 79
"C:/Users/noahc/Documents/GitHub/GameDesign2D/Content/2DSideScroller/Textures/4_Adkins_CharacterCompletev2.uasset" 80
"C:/Users/noahc/Documents/GitHub/GameDesign2D/Content/2DSideScroller/Textures/4_Adkins_CharacterCompletev3.uasset" 81
"C:/Users/noahc/Documents/GitHub/GameDesign2D/Content/2DSideScroller/Textures/options_button.uasset" 82
"C:/Users/noahc/Documents/GitHub/GameDesign2D/Content/2DSideScrollerBP/2DSideScrollerOverview.uasset" 83
"C:/Users/noahc/Documents/GitHub/GameDesign2D/Content/2DSideScrollerBP/Maps/2DSideScrollerExampleMap.uasset" 84
"../../../Engine/Content/Animation/DefaultAnimCurveCompressionSettings.uasset" 85
"../../../Engine/Content/Functions/Engine_MaterialFunctions01/Opacity/CameraDepthFade.uasset" 86
"../../../Engine/Content/EngineMaterials/T_Default_Material_Grid_M.uasset" 87
"../../../Engine/Content/EngineMaterials/T_Default_Material_Grid_N.uasset" 88
"../../../Engine/Content/EngineMaterials/WorldGridMaterial.uasset" 89
"../../../Engine/Content/ArtTools/RenderToTexture/Meshes/S_1_Unit_Plane.uasset" 90
"../../../Engine/Content/EngineMaterials/DefaultMaterial.uasset" 91
"../../../Engine/Content/BasicShapes/Cone.uasset" 92
"../../../Engine/Content/BasicShapes/Cube.uasset" 93
"../../../Engine/Content/BasicShapes/Cylinder.uasset" 94
"../../../Engine/Content/BasicShapes/Plane.uasset" 95
"../../../Engine/Content/BasicShapes/Sphere.uasset" 96
"../../../Engine/Content/EditorLandscapeResources/DataLayer.uasset" 97
"../../../Engine/Content/EditorMaterials/MAT_Groups_Toggle.uasset" 98
"../../../Engine/Content/EditorMaterials/MAT_Groups_Visibility.uasset" 99
"../../../Engine/Content/EditorMaterials/PreviewShadowIndicator.uasset" 100
"../../../Engine/Content/EditorMaterials/PreviewShadowIndicatorMaterial.uasset" 101
"../../../Engine/Content/EditorMaterials/MatineeGroups/MAT_ColorTrack.uasset" 102
"../../../Engine/Content/EditorMaterials/MatineeGroups/MAT_Groups_Anim.uasset" 103
"../../../Engine/Content/EditorMaterials/MatineeGroups/MAT_Groups_AudioMaster.uasset" 104
"../../../Engine/Content/EditorMaterials/MatineeGroups/MAT_Groups_Director.uasset" 105
"../../../Engine/Content/EditorMaterials/MatineeGroups/MAT_Groups_Event.uasset" 106
"../../../Engine/Content/EditorMaterials/MatineeGroups/MAT_Groups_Fade.uasset" 107
"../../../Engine/Content/EditorMaterials/MatineeGroups/MAT_Groups_Float.uasset" 108
"../../../Engine/Content/EditorMaterials/MatineeGroups/MAT_Groups_Move.uasset" 109
"../../../Engine/Content/EditorMaterials/MatineeGroups/MAT_Groups_Slomo.uasset" 110
"../../../Engine/Content/EditorMaterials/MatineeGroups/MAT_Groups_Sound.uasset" 111
"../../../Engine/Content/EditorMaterials/MatineeGroups/MAT_Groups_Vector.uasset" 112
"../../../Engine/Content/EditorMaterials/ParticleSystems/PSysThumbnail_NoImage.uasset" 113
"../../../Engine/Content/EditorMaterials/ParticleSystems/PSysThumbnail_OOD.uasset" 114
"../../../Engine/Content/EditorMaterials/Camera/CineMat.uasset" 115
"../../../Engine/Content/EditorMaterials/Camera/MI_CineMat_Rig.uasset" 116
"../../../Engine/Content/EditorMeshes/Camera/SM_CraneRig_Arm.uasset" 117
"../../../Engine/Content/EditorMeshes/Camera/SM_CraneRig_Base.uasset" 118
"../../../Engine/Content/EditorMeshes/Camera/SM_CraneRig_Body.uasset" 119
"../../../Engine/Content/EditorMeshes/Camera/SM_CraneRig_Mount.uasset" 120
"../../../Engine/Content/EditorMeshes/Camera/SM_RailRig_Mount.uasset" 121
"../../../Engine/Content/EditorMeshes/Camera/SM_RailRig_Track.uasset" 122
"../../../Engine/Content/EditorResources/BSPVertex.uasset" 123
"../../../Engine/Content/EditorResources/S_Actor.uasset" 124
"../../../Engine/Content/EditorResources/S_Note.uasset" 125
"../../../Engine/Content/EditorResources/S_Solver.uasset" 126
"../../../Engine/Content/EditorResources/S_Trigger.uasset" 127
"../../../Engine/Content/EditorResources/SequenceRecorder/Countdown.uasset" 128
"../../../Engine/Content/EditorResources/SequenceRecorder/RecordingIndicator.uasset" 129
"../../../Engine/Content/EditorSounds/Notifications/CompileFailed.uasset" 130
"../../../Engine/Content/EditorSounds/Notifications/CompileFailed_Cue.uasset" 131
"../../../Engine/Content/EditorSounds/Notifications/CompileSuccess.uasset" 132
"../../../Engine/Content/EditorSounds/Notifications/CompileStart_Cue.uasset" 133
"../../../Engine/Content/EditorSounds/Notifications/CompileSuccess_Cue.uasset" 134
"../../../Engine/Content/EngineDamageTypes/DmgTypeBP_Environmental.uasset" 135
"../../../Engine/Content/EngineDebugMaterials/DebugEditorMaterial.uasset" 136
"../../../Engine/Content/EngineDebugMaterials/DebugMeshMaterial.uasset" 137
"../../../Engine/Content/EngineDebugMaterials/M_SimpleUnlitTranslucent.uasset" 138
"../../../Engine/Content/Functions/Engine_MaterialFunctions02/Utility/CameraDirectionVector.uasset" 139
"../../../Engine/Content/EngineDebugMaterials/VolumeToRender.uasset" 140
"../../../Engine/Content/EngineDebugMaterials/M_VolumeRenderSphereTracePP.uasset" 141
"../../../Engine/Content/EngineDebugMaterials/WireframeMaterial.uasset" 142
"../../../Engine/Content/EngineFonts/Faces/DroidSansFallback.uasset" 143
"../../../Engine/Content/EngineFonts/Faces/RobotoBold.uasset" 144
"../../../Engine/Content/EngineFonts/Faces/RobotoBoldItalic.uasset" 145
"../../../Engine/Content/EngineFonts/Faces/RobotoItalic.uasset" 146
"../../../Engine/Content/EngineFonts/Faces/RobotoLight.uasset" 147
"../../../Engine/Content/EngineFonts/Faces/RobotoRegular.uasset" 148
"../../../Engine/Content/EngineFonts/Roboto.uasset" 149
"../../../Engine/Content/EngineMaterials/BaseFlattenDiffuseMap.uasset" 150
"../../../Engine/Content/EngineMaterials/BaseFlattenEmissiveMap.uasset" 151
"../../../Engine/Content/EngineMaterials/BaseFlattenGrayscaleMap.uasset" 152
"../../../Engine/Content/EngineMaterials/BaseFlattenNormalMap.uasset" 153
"../../../Engine/Content/EngineMaterials/BaseFlattenMaterial.uasset" 154
"../../../Engine/Content/EngineMaterials/BlueNoise.uasset" 155
"../../../Engine/Content/EngineMaterials/DefaultBloomKernel.uasset" 156
"../../../Engine/Content/EngineMaterials/DefaultBokeh.uasset" 157
"../../../Engine/Content/EngineMaterials/DefaultDiffuse.uasset" 158
"../../../Engine/Content/EngineMaterials/DefaultDeferredDecalMaterial.uasset" 159
"../../../Engine/Content/EngineMaterials/DefaultLightFunctionMaterial.uasset" 160
"../../../Engine/Content/EngineMaterials/DefaultPhysicalMaterial.uasset" 161
"../../../Engine/Content/Functions/Engine_MaterialFunctions02/Utility/BreakOutFloat2Components.uasset" 162
"../../../Engine/Content/EngineMaterials/DefaultPostProcessMaterial.uasset" 163
"../../../Engine/Content/EngineFonts/RobotoDistanceField.uasset" 164
"../../../Engine/Content/EngineMaterials/DefaultTextMaterialOpaque.uasset" 165
"../../../Engine/Content/EngineMaterials/DefaultWhiteGrid.uasset" 166
"../../../Engine/Content/EngineMaterials/DefaultWhiteGrid_Low.uasset" 167
"../../../Engine/Content/EngineMaterials/EmissiveMeshMaterial.uasset" 168
"../../../Engine/Content/EngineMaterials/GizmoMaterial.uasset" 169
"../../../Engine/Content/EngineMaterials/Good64x64TilingNoiseHighFreq.uasset" 170
"../../../Engine/Content/EngineMaterials/MiniFont.uasset" 171
"../../../Engine/Content/EngineMaterials/InvalidLightmapSettings.uasset" 172
"../../../Engine/Content/EngineMaterials/M_InvalidLightmapSettings.uasset" 173
"../../../Engine/Content/Functions/Engine_MaterialFunctions02/WorldPositionOffset/CameraOffset.uasset" 174
"../../../Engine/Content/EngineMaterials/PhAT_JointLimitMaterial.uasset" 175
"../../../Engine/Content/EngineMaterials/PreintegratedSkinBRDF.uasset" 176
"../../../Engine/Content/EngineMaterials/RemoveSurfaceMaterial.uasset" 177
"../../../Engine/Content/EngineMaterials/WeightMapPlaceholderTexture.uasset" 178
"../../../Engine/Content/EngineResources/WhiteSquareTexture.uasset" 179
"../../../Engine/Content/EngineMaterials/Widget3DPassThrough.uasset" 180
"../../../Engine/Content/EngineMaterials/Widget3DPassThrough_Masked.uasset" 181
"../../../Engine/Content/EngineMaterials/Widget3DPassThrough_Opaque.uasset" 182
"../../../Engine/Content/EngineMaterials/Widget3DPassThrough_Masked_OneSided.uasset" 183
"../../../Engine/Content/EngineMaterials/Widget3DPassThrough_Opaque_OneSided.uasset" 184
"../../../Engine/Content/EngineMaterials/Widget3DPassThrough_Translucent.uasset" 185
"../../../Engine/Content/EngineMaterials/Widget3DPassThrough_Translucent_OneSided.uasset" 186
"../../../Engine/Content/EngineMeshes/Cylinder.uasset" 187
"../../../Engine/Content/EngineMeshes/Sphere.uasset" 188
"../../../Engine/Content/EngineResources/Black.uasset" 189
"../../../Engine/Content/EngineResources/DefaultTexture.uasset" 190
"../../../Engine/Content/EngineResources/DefaultTextureCube.uasset" 191
"../../../Engine/Content/EngineResources/DefaultVolumeTexture2D.uasset" 192
"../../../Engine/Content/EngineResources/DefaultVolumeTexture.uasset" 193
"../../../Engine/Content/EngineResources/GradientTexture0.uasset" 194
"../../../Engine/Content/EngineSounds/Master.uasset" 195
"../../../Engine/Content/Functions/Engine_MaterialFunctions01/Shading/ConvertFromDiffSpec.uasset" 196
"../../../Engine/Content/Functions/Engine_MaterialFunctions01/Shading/PowerToRoughness.uasset" 197
"../../../Engine/Content/Maps/Templates/Thumbnails/Default.uasset" 198
"../../../Engine/Content/Maps/Templates/Thumbnails/TimeOfDay.uasset" 199
"../../../Engine/Content/Maps/Templates/Thumbnails/VR-Basic.uasset" 200
"../../../Engine/Content/MobileResources/T_MobileControls_texture.uasset" 201
"../../../Engine/Content/MobileResources/T_MobileMenu2.uasset" 202
"../../../Engine/Content/MobileResources/HUD/AnalogHat.uasset" 203
"../../../Engine/Content/MobileResources/HUD/VirtualJoystick_Background.uasset" 204
"../../../Engine/Content/MobileResources/HUD/VirtualJoystick_Thumb.uasset" 205
"../../../Engine/Content/MobileResources/HUD/DefaultVirtualJoysticks.uasset" 206
"../../../Engine/Content/MobileResources/HUD/LeftVirtualJoystickOnly.uasset" 207
"../../../Engine/Content/MobileResources/HUD/MobileHUDButton1_off.uasset" 208
"../../../Engine/Content/MobileResources/HUD/MobileHUDButton1_on.uasset" 209
"../../../Engine/Content/MobileResources/HUD/MobileHUDButton2_off.uasset" 210
"../../../Engine/Content/MobileResources/HUD/MobileHUDButton2_on.uasset" 211
"../../../Engine/Content/MobileResources/HUD/MobileHUDButton3.uasset" 212
"../../../Engine/Content/MobileResources/HUD/MobileHUDButtonFire.uasset" 213
"../../../Engine/Content/MobileResources/HUD/MobileHUDDirectionPad.uasset" 214
"../../../Engine/Content/MobileResources/HUD/MobileHUDDirectionPad2.uasset" 215
"../../../Engine/Content/MobileResources/HUD/MobileHUDDirectionPad3.uasset" 216
"../../../Engine/Content/MobileResources/HUD/MobileHUDDirectionStick.uasset" 217
"../../../Engine/Content/MobileResources/HUD/T_Castle_ThumbstickInner.uasset" 218
"../../../Engine/Content/MobileResources/HUD/T_Castle_ThumbstickOutter.uasset" 219
"../../../Engine/Content/Tutorial/ContentIntroCurve.uasset" 220
"../../../Engine/Content/Tutorial/Basics/LevelEditorAttract.uasset" 221
"../../../Engine/Content/Tutorial/Basics/TutorialAssets/icon_tab_Levels_40x.uasset" 222
"../../../Engine/Content/Tutorial/Basics/LevelEditorOverview.uasset" 223
"../../../Engine/Content/VREditor/LaserPointer/VR_LaserPower_01.uasset" 224
"../../../Engine/Content/VREditor/TransformGizmo/TransformGizmoMaterial.uasset" 225
"../../../Engine/Content/VREditor/TransformGizmo/TranslucentTransformGizmoMaterial.uasset" 226
"../../../Engine/Content/VREditor/TransformGizmo/BoundingBoxCorner.uasset" 227
"../../../Engine/Content/VREditor/TransformGizmo/BoundingBoxEdge.uasset" 228
"../../../Engine/Content/VREditor/TransformGizmo/PlaneTranslationHandle.uasset" 229
"../../../Engine/Content/VREditor/TransformGizmo/Main.uasset" 230
"../../../Engine/Content/VREditor/TransformGizmo/Xray.uasset" 231
"../../../Engine/Content/VREditor/TransformGizmo/SM_Sequencer_Key.uasset" 232
"../../../Engine/Content/VREditor/TransformGizmo/SM_Sequencer_Node.uasset" 233
"../../Plugins/2D/Paper2D/Content/PlaceholderTextures/DummySpriteTexture.uasset" 234
"../../Plugins/2D/Paper2D/Content/DummySprite.uasset" 235
"../../Plugins/2D/Paper2D/Content/DefaultPaperTerrainMaterial.uasset" 236
"../../Plugins/2D/Paper2D/Content/DefaultSpriteMaterial.uasset" 237
"../../Plugins/2D/Paper2D/Content/MaskedUnlitSpriteMaterial.uasset" 238
"../../Plugins/FX/Niagara/Content/Enums/ENiagaraBooleanLogicOps.uasset" 239
"../../Plugins/FX/Niagara/Content/Enums/ENiagaraCoordinateSpace.uasset" 240
"../../Plugins/FX/Niagara/Content/Enums/ENiagaraExpansionMode.uasset" 241
"../../Plugins/FX/Niagara/Content/Enums/ENiagaraOrientationAxis.uasset" 242
"../../Plugins/FX/Niagara/Content/Enums/ENiagaraRandomnessMode.uasset" 243
"../../../Engine/Content/Functions/Engine_MaterialFunctions02/Utility/BreakOutFloat4Components.uasset" 244
"../../../Engine/Content/Functions/Engine_MaterialFunctions02/Utility/MakeFloat2.uasset" 245
"../../../Engine/Content/Functions/Engine_MaterialFunctions02/Utility/MakeFloat3.uasset" 246
"../../Plugins/Runtime/Oculus/OculusVR/Content/Materials/OculusMR_ChromaKey.uasset" 247
"../../Plugins/Runtime/Oculus/OculusVR/Content/Materials/OculusMR_ChromaKey_Lit.uasset" 248
"../../Plugins/Runtime/Oculus/OculusVR/Content/Materials/OculusMR_OpaqueColoredMaterial.uasset" 249
"../../Plugins/Runtime/Oculus/OculusVR/Content/Materials/OculusMR_WhiteMaterial.uasset" 250
"../../../Engine/Content/EditorBlueprintResources/StandardMacros.uasset" 251
"C:/Users/noahc/Documents/GitHub/GameDesign2D/Content/2DSideScroller/Animations/PC_Block.uasset" 252
"C:/Users/noahc/Documents/GitHub/GameDesign2D/Content/2DSideScroller/Sprites/4_Adkins_CharacterCompletev2_Sprite_10.uasset" 253
"C:/Users/noahc/Documents/GitHub/GameDesign2D/Content/2DSideScroller/Animations/PC_JumpUp.uasset" 254
"C:/Users/noahc/Documents/GitHub/GameDesign2D/Content/2DSideScroller/Sprites/4_Adkins_CharacterCompletev2_Sprite_16.uasset" 255
"C:/Users/noahc/Documents/GitHub/GameDesign2D/Content/2DSideScroller/Sprites/4_Adkins_CharacterCompletev2_Sprite_17.uasset" 256
"C:/Users/noahc/Documents/GitHub/GameDesign2D/Content/2DSideScroller/Sprites/4_Adkins_CharacterCompletev2_Sprite_18.uasset" 257
"C:/Users/noahc/Documents/GitHub/GameDesign2D/Content/2DSideScroller/Animations/PC_Run.uasset" 258
"C:/Users/noahc/Documents/GitHub/GameDesign2D/Content/2DSideScroller/Data/AnimationSTate.uasset" 259
"C:/Users/noahc/Documents/GitHub/GameDesign2D/Content/2DSideScrollerBP/Blueprints/2DSideScrollerCharacter.uasset" 260
"../../../Engine/Content/MapTemplates/Bokeh_5Sides.uasset" 261
"../../../Engine/Content/MapTemplates/T_ScreenDirt02_w.uasset" 262
"../../Plugins/2D/Paper2D/Content/OpaqueUnlitSpriteMaterial.uasset" 263
"C:/Users/noahc/Documents/GitHub/GameDesign2D/Content/2DSideScroller/Textures/2DBackground.uasset" 264
"C:/Users/noahc/Documents/GitHub/GameDesign2D/Content/2DSideScroller/Sprites/Background_Sprite.uasset" 265
"../../Plugins/2D/Paper2D/Content/TranslucentUnlitSpriteMaterial.uasset" 266
"C:/Users/noahc/Documents/GitHub/GameDesign2D/Content/2DSideScroller/Textures/4_Adkins_Tileset.uasset" 267
"C:/Users/noahc/Documents/GitHub/GameDesign2D/Content/2DSideScroller/Textures/Level1_Tileset.uasset" 268
"C:/Users/noahc/Documents/GitHub/GameDesign2D/Content/2DSideScroller/Textures/Level1_TileMap.uasset" 269
"C:/Users/noahc/Documents/GitHub/GameDesign2D/Content/2DSideScrollerBP/Blueprints/HealthBar.uasset" 270
"C:/Users/noahc/Documents/GitHub/GameDesign2D/Content/2DSideScrollerBP/Maps/Level1.umap" 271
"C:/Users/noahc/Documents/GitHub/GameDesign2D/Content/2DSideScroller/Textures/Background.uasset" 272
"C:/Users/noahc/Documents/GitHub/GameDesign2D/Content/2DSideScroller/Textures/start_button.uasset" 273
"C:/Users/noahc/Documents/GitHub/GameDesign2D/Content/2DSideScrollerBP/Blueprints/StartMenu.uasset" 274
"C:/Users/noahc/Documents/GitHub/GameDesign2D/Content/2DSideScrollerBP/Maps/StartMenuLevel.umap" 275
"../../../Engine/Content/Maps/Entry_BuiltData.uasset" 276
"../../../Engine/Content/Maps/Entry.umap" 277
